<?xml version="1.0" encoding="UTF-8"?>
<!-- Generated by org.testng.reporters.JUnitXMLReporter -->
<testsuite ignored="0" hostname="LAPTOP-ECK6PN7P" failures="0" tests="3" name="Default test" time="0.071" errors="0" timestamp="2021-10-16T16:57:58 IST">
  <testcase classname="calculator.StringCalculatorShould" name="empty_string_should_return_0" time="0.007"/>
  <testcase classname="calculator.StringCalculatorShould" name="string_with_single_number_should_return_number_as_int" time="0.002"/>
  <testcase classname="calculator.StringCalculatorShould" name="twoNumbersCommaDelimitedReturnSum" time="0.002"/>
</testsuite> <!-- Default test -->
