<?xml version="1.0" encoding="UTF-8"?>
<testng-results ignored="0" total="3" passed="3" failed="0" skipped="0">
  <reporter-output>
  </reporter-output>
  <suite started-at="2021-10-16T16:57:58 IST" name="Default suite" finished-at="2021-10-16T16:57:58 IST" duration-ms="71">
    <groups>
    </groups>
    <test started-at="2021-10-16T16:57:58 IST" name="Default test" finished-at="2021-10-16T16:57:58 IST" duration-ms="71">
      <class name="calculator.StringCalculatorShould">
        <test-method is-config="true" signature="init()[pri:0, instance:calculator.StringCalculatorShould@6d3a388c]" started-at="2021-10-16T16:57:58 IST" name="init" finished-at="2021-10-16T16:57:58 IST" duration-ms="11" status="PASS">
          <reporter-output>
          </reporter-output>
        </test-method> <!-- init -->
        <test-method signature="empty_string_should_return_0()[pri:0, instance:calculator.StringCalculatorShould@6d3a388c]" started-at="2021-10-16T16:57:58 IST" name="empty_string_should_return_0" finished-at="2021-10-16T16:57:58 IST" duration-ms="7" status="PASS">
          <reporter-output>
          </reporter-output>
        </test-method> <!-- empty_string_should_return_0 -->
        <test-method signature="string_with_single_number_should_return_number_as_int()[pri:0, instance:calculator.StringCalculatorShould@6d3a388c]" started-at="2021-10-16T16:57:58 IST" name="string_with_single_number_should_return_number_as_int" finished-at="2021-10-16T16:57:58 IST" duration-ms="2" status="PASS">
          <reporter-output>
          </reporter-output>
        </test-method> <!-- string_with_single_number_should_return_number_as_int -->
        <test-method signature="twoNumbersCommaDelimitedReturnSum()[pri:0, instance:calculator.StringCalculatorShould@6d3a388c]" started-at="2021-10-16T16:57:58 IST" name="twoNumbersCommaDelimitedReturnSum" finished-at="2021-10-16T16:57:58 IST" duration-ms="2" status="PASS">
          <reporter-output>
          </reporter-output>
        </test-method> <!-- twoNumbersCommaDelimitedReturnSum -->
      </class> <!-- calculator.StringCalculatorShould -->
    </test> <!-- Default test -->
  </suite> <!-- Default suite -->
</testng-results>
